
GET / 25-09-2023_10:05:20
GET /:contactId 25-09-2023_10:07:37
GET /:contactId 25-09-2023_10:07:45
GET /api/contacts 25-09-2023_10:09:55
GET /api/contacts 25-09-2023_10:17:03
GET / 25-09-2023_10:17:10
GET / 25-09-2023_10:30:55
GET / 25-09-2023_10:31:02
GET / 25-09-2023_10:31:03
GET / 25-09-2023_10:40:13
GET / 25-09-2023_10:51:53
GET /api/contacts 25-09-2023_10:52:25
GET /contacts 25-09-2023_10:54:07
GET /api/contacts 25-09-2023_10:54:18
GET /api/contacts 25-09-2023_22:24:16
GET /api/contacts/AeHIrLTr6JkxGE6SN-0Rw 25-09-2023_22:33:28
GET /api/contacts/AeHIrLTr6JkxGE6SN-0Rw 25-09-2023_22:37:41
GET /api/contacts/AeHIrLTr6JkxGE6SN-0R 25-09-2023_22:39:59
GET /api/contacts/AeHIrLTr6JkxGE6SN-0R 25-09-2023_22:54:24
GET /api/contacts/AeHIrLTr6JkxGE6SN-0R 25-09-2023_22:55:03
POST /api/contacts 25-09-2023_23:10:41
POST /api/contacts 25-09-2023_23:17:20
POST /api/contacts 25-09-2023_23:28:35
POST /api/contacts 25-09-2023_23:29:04
POST /api/contacts 25-09-2023_23:29:45
POST /api/contacts 25-09-2023_23:33:55
POST /api/contacts 25-09-2023_23:34:59
POST /api/contacts 25-09-2023_23:35:42
POST /api/contacts 25-09-2023_23:36:18
POST /api/contacts 25-09-2023_23:37:41
POST /api/contacts 25-09-2023_23:39:54
PUT /api/contacts/Quiz7u3Cz_3AZR_aqn3V4 25-09-2023_23:53:11
DELETE /api/contacts/Quiz7u3Cz_3AZR_aqn3V4 26-09-2023_00:04:13
DELETE /api/contacts/Quiz7u3Cz_3AZR_aqn3V 26-09-2023_00:04:21
GET /api/contacts 26-09-2023_23:58:47
GET /api/contacts/AeHIrLTr6JkxGE6SN-0Rw 27-09-2023_00:01:34
POST /api/contacts/AeHIrLTr6JkxGE6SN-0Rw 27-09-2023_00:01:57
POST /api/contacts/AeHIrLTr6JkxGE6SN-0Rw 27-09-2023_00:02:36
POST /api/contacts 27-09-2023_00:03:00
DELETE /api/contacts/AeHIrLTr6JkxGE6SN-0Rw 27-09-2023_00:03:34
PUT /api/contacts/AeHIrLTr6JkxGE6SN-0Rw 27-09-2023_00:03:57
PUT /api/contacts/drsAJ4SHPYqZeG-83QTVW 27-09-2023_00:05:07
PUT /api/contacts/drsAJ4SHPYqZeG-83QTVW 27-09-2023_00:05:19
GET /api/contacts 02-10-2023_01:25:34
POST /api/contacts 02-10-2023_01:52:32
POST /api/contacts 02-10-2023_01:54:44
POST /api/contacts 02-10-2023_01:55:16
POST /api/contacts 02-10-2023_01:56:31
POST /api/contacts 02-10-2023_01:57:02